<?xml version="1.0" encoding="UTF-8"?>
<testsuite name="MealPlannerTests" tests="1" skipped="0" failures="1" errors="0" timestamp="2024-08-24T23:25:48" hostname="Shamss-Air.attlocal.net" time="0.501">
  <properties/>
  <testcase name="start" classname="MealPlannerTests" time="0.501">
    <failure message="java.lang.AssertionError: Wrong answer in test #5&#10;&#10;Make sure that formatting of your output is similar to the one in the example. Also, your output should contain the meals in alphabetic order.&#10;&#10;Please find below the output of your program during this failed test.&#10;Note that the '&gt;' character indicates the beginning of the input line.&#10;&#10;---&#10;&#10;What would you like to do (add, show, plan, save, exit)?&#10;&gt; add&#10;Which meal do you want to add (breakfast, lunch, dinner)?&#10;&gt; breakfast&#10;Input the meal's name:&#10;&gt; scrambled eggs&#10;Input the ingredients:&#10;&gt; eggs,milk,cheese&#10;The meal has been added!&#10;What would you like to do (add, show, plan, save, exit)?&#10;&gt; add&#10;Which meal do you want to add (breakfast, lunch, dinner)?&#10;&gt; breakfast&#10;Input the meal's name:&#10;&gt; sandwich&#10;Input the ingredients:&#10;&gt; bread,cheese,ham&#10;The meal has been added!&#10;What would you like to do (add, show, plan, save, exit)?&#10;&gt; add&#10;Which meal do you want to add (breakfast, lunch, dinner)?&#10;&gt; breakfast&#10;Input the meal's name:&#10;&gt; oatmeal&#10;Input the ingredients:&#10;&gt; oats,milk,banana,peanut butter&#10;The meal has been added!&#10;What would you like to do (add, show, plan, save, exit)?&#10;&gt; add&#10;Which meal do you want to add (breakfast, lunch, dinner)?&#10;&gt; breakfast&#10;Input the meal's name:&#10;&gt; english breakfast&#10;Input the ingredients:&#10;&gt; eggs,sausages,bacon,tomatoes,bread&#10;The meal has been added!&#10;What would you like to do (add, show, plan, save, exit)?&#10;&gt; add&#10;Which meal do you want to add (breakfast, lunch, dinner)?&#10;&gt; lunch&#10;Input the meal's name:&#10;&gt; sushi&#10;Input the ingredients:&#10;&gt; salmon,rice,avocado&#10;The meal has been added!&#10;What would you like to do (add, show, plan, save, exit)?&#10;&gt; add&#10;Which meal do you want to add (breakfast, lunch, dinner)?&#10;&gt; lunch&#10;Input the meal's name:&#10;&gt; chicken salad&#10;Input the ingredients:&#10;&gt; chicken,lettuce,tomato,olives&#10;The meal has been added!&#10;What would you like to do (add, show, plan, save, exit)?&#10;&gt; add&#10;Which meal do you want to add (breakfast, lunch, dinner)?&#10;&gt; lunch&#10;Input the meal's name:&#10;&gt; omelette&#10;Input the ingredients:&#10;&gt; eggs,milk,cheese&#10;The meal has been added!&#10;What would you like to do (add, show, plan, save, exit)?&#10;&gt; add&#10;Which meal do you want to add (breakfast, lunch, dinner)?&#10;&gt; lunch&#10;Input the meal's name:&#10;&gt; salad&#10;Input the ingredients:&#10;&gt; lettuce,tomato,onion,cheese,olives&#10;The meal has been added!&#10;What would you like to do (add, show, plan, save, exit)?&#10;&gt; add&#10;Which meal do you want to add (breakfast, lunch, dinner)?&#10;&gt; dinner&#10;Input the meal's name:&#10;&gt; pumpkin soup&#10;Input the ingredients:&#10;&gt; pumpkin,coconut milk,curry,carrots&#10;The meal has been added!&#10;What would you like to do (add, show, plan, save, exit)?&#10;&gt; add&#10;Which meal do you want to add (breakfast, lunch, dinner)?&#10;&gt; dinner&#10;Input the meal's name:&#10;&gt; beef steak&#10;Input the ingredients:&#10;&gt; beef steak&#10;The meal has been added!&#10;What would you like to do (add, show, plan, save, exit)?&#10;&gt; add&#10;Which meal do you want to add (breakfast, lunch, dinner)?&#10;&gt; dinner&#10;Input the meal's name:&#10;&gt; pizza&#10;Input the ingredients:&#10;&gt; flour,tomato,cheese,salami&#10;The meal has been added!&#10;What would you like to do (add, show, plan, save, exit)?&#10;&gt; add&#10;Which meal do you want to add (breakfast, lunch, dinner)?&#10;&gt; dinner&#10;Input the meal's name:&#10;&gt; tomato soup&#10;Input the ingredients:&#10;&gt; tomato,orzo&#10;The meal has been added!&#10;What would you like to do (add, show, plan, save, exit)?&#10;&gt; plan&#10;Monday&#10;scrambled eggs&#10;sandwich&#10;oatmeal&#10;english breakfast&#10;Choose the breakfast for Monday from the list above:" type="java.lang.AssertionError">java.lang.AssertionError: Wrong answer in test #5

Make sure that formatting of your output is similar to the one in the example. Also, your output should contain the meals in alphabetic order.

Please find below the output of your program during this failed test.
Note that the '&gt;' character indicates the beginning of the input line.

---

What would you like to do (add, show, plan, save, exit)?
&gt; add
Which meal do you want to add (breakfast, lunch, dinner)?
&gt; breakfast
Input the meal's name:
&gt; scrambled eggs
Input the ingredients:
&gt; eggs,milk,cheese
The meal has been added!
What would you like to do (add, show, plan, save, exit)?
&gt; add
Which meal do you want to add (breakfast, lunch, dinner)?
&gt; breakfast
Input the meal's name:
&gt; sandwich
Input the ingredients:
&gt; bread,cheese,ham
The meal has been added!
What would you like to do (add, show, plan, save, exit)?
&gt; add
Which meal do you want to add (breakfast, lunch, dinner)?
&gt; breakfast
Input the meal's name:
&gt; oatmeal
Input the ingredients:
&gt; oats,milk,banana,peanut butter
The meal has been added!
What would you like to do (add, show, plan, save, exit)?
&gt; add
Which meal do you want to add (breakfast, lunch, dinner)?
&gt; breakfast
Input the meal's name:
&gt; english breakfast
Input the ingredients:
&gt; eggs,sausages,bacon,tomatoes,bread
The meal has been added!
What would you like to do (add, show, plan, save, exit)?
&gt; add
Which meal do you want to add (breakfast, lunch, dinner)?
&gt; lunch
Input the meal's name:
&gt; sushi
Input the ingredients:
&gt; salmon,rice,avocado
The meal has been added!
What would you like to do (add, show, plan, save, exit)?
&gt; add
Which meal do you want to add (breakfast, lunch, dinner)?
&gt; lunch
Input the meal's name:
&gt; chicken salad
Input the ingredients:
&gt; chicken,lettuce,tomato,olives
The meal has been added!
What would you like to do (add, show, plan, save, exit)?
&gt; add
Which meal do you want to add (breakfast, lunch, dinner)?
&gt; lunch
Input the meal's name:
&gt; omelette
Input the ingredients:
&gt; eggs,milk,cheese
The meal has been added!
What would you like to do (add, show, plan, save, exit)?
&gt; add
Which meal do you want to add (breakfast, lunch, dinner)?
&gt; lunch
Input the meal's name:
&gt; salad
Input the ingredients:
&gt; lettuce,tomato,onion,cheese,olives
The meal has been added!
What would you like to do (add, show, plan, save, exit)?
&gt; add
Which meal do you want to add (breakfast, lunch, dinner)?
&gt; dinner
Input the meal's name:
&gt; pumpkin soup
Input the ingredients:
&gt; pumpkin,coconut milk,curry,carrots
The meal has been added!
What would you like to do (add, show, plan, save, exit)?
&gt; add
Which meal do you want to add (breakfast, lunch, dinner)?
&gt; dinner
Input the meal's name:
&gt; beef steak
Input the ingredients:
&gt; beef steak
The meal has been added!
What would you like to do (add, show, plan, save, exit)?
&gt; add
Which meal do you want to add (breakfast, lunch, dinner)?
&gt; dinner
Input the meal's name:
&gt; pizza
Input the ingredients:
&gt; flour,tomato,cheese,salami
The meal has been added!
What would you like to do (add, show, plan, save, exit)?
&gt; add
Which meal do you want to add (breakfast, lunch, dinner)?
&gt; dinner
Input the meal's name:
&gt; tomato soup
Input the ingredients:
&gt; tomato,orzo
The meal has been added!
What would you like to do (add, show, plan, save, exit)?
&gt; plan
Monday
scrambled eggs
sandwich
oatmeal
english breakfast
Choose the breakfast for Monday from the list above:
	at org.junit.Assert.fail(Assert.java:89)
	at org.hyperskill.hstest.stage.StageTest.start(StageTest.java:203)
	at java.base/jdk.internal.reflect.DirectMethodHandleAccessor.invoke(DirectMethodHandleAccessor.java:103)
	at java.base/java.lang.reflect.Method.invoke(Method.java:580)
	at org.junit.runners.model.FrameworkMethod$1.runReflectiveCall(FrameworkMethod.java:59)
	at org.junit.internal.runners.model.ReflectiveCallable.run(ReflectiveCallable.java:12)
	at org.junit.runners.model.FrameworkMethod.invokeExplosively(FrameworkMethod.java:56)
	at org.junit.internal.runners.statements.InvokeMethod.evaluate(InvokeMethod.java:17)
	at org.junit.runners.ParentRunner$3.evaluate(ParentRunner.java:306)
	at org.junit.runners.BlockJUnit4ClassRunner$1.evaluate(BlockJUnit4ClassRunner.java:100)
	at org.junit.runners.ParentRunner.runLeaf(ParentRunner.java:366)
	at org.junit.runners.BlockJUnit4ClassRunner.runChild(BlockJUnit4ClassRunner.java:103)
	at org.junit.runners.BlockJUnit4ClassRunner.runChild(BlockJUnit4ClassRunner.java:63)
	at org.junit.runners.ParentRunner$4.run(ParentRunner.java:331)
	at org.junit.runners.ParentRunner$1.schedule(ParentRunner.java:79)
	at org.junit.runners.ParentRunner.runChildren(ParentRunner.java:329)
	at org.junit.runners.ParentRunner.access$100(ParentRunner.java:66)
	at org.junit.runners.ParentRunner$2.evaluate(ParentRunner.java:293)
	at org.junit.runners.ParentRunner$3.evaluate(ParentRunner.java:306)
	at org.junit.runners.ParentRunner.run(ParentRunner.java:413)
	at org.gradle.api.internal.tasks.testing.junit.JUnitTestClassExecutor.runTestClass(JUnitTestClassExecutor.java:112)
	at org.gradle.api.internal.tasks.testing.junit.JUnitTestClassExecutor.execute(JUnitTestClassExecutor.java:58)
	at org.gradle.api.internal.tasks.testing.junit.JUnitTestClassExecutor.execute(JUnitTestClassExecutor.java:40)
	at org.gradle.api.internal.tasks.testing.junit.AbstractJUnitTestClassProcessor.processTestClass(AbstractJUnitTestClassProcessor.java:60)
	at org.gradle.api.internal.tasks.testing.SuiteTestClassProcessor.processTestClass(SuiteTestClassProcessor.java:52)
	at java.base/jdk.internal.reflect.DirectMethodHandleAccessor.invoke(DirectMethodHandleAccessor.java:103)
	at java.base/java.lang.reflect.Method.invoke(Method.java:580)
	at org.gradle.internal.dispatch.ReflectionDispatch.dispatch(ReflectionDispatch.java:36)
	at org.gradle.internal.dispatch.ReflectionDispatch.dispatch(ReflectionDispatch.java:24)
	at org.gradle.internal.dispatch.ContextClassLoaderDispatch.dispatch(ContextClassLoaderDispatch.java:33)
	at org.gradle.internal.dispatch.ProxyDispatchAdapter$DispatchingInvocationHandler.invoke(ProxyDispatchAdapter.java:94)
	at jdk.proxy1/jdk.proxy1.$Proxy2.processTestClass(Unknown Source)
	at org.gradle.api.internal.tasks.testing.worker.TestWorker$2.run(TestWorker.java:176)
	at org.gradle.api.internal.tasks.testing.worker.TestWorker.executeAndMaintainThreadName(TestWorker.java:129)
	at org.gradle.api.internal.tasks.testing.worker.TestWorker.execute(TestWorker.java:100)
	at org.gradle.api.internal.tasks.testing.worker.TestWorker.execute(TestWorker.java:60)
	at org.gradle.process.internal.worker.child.ActionExecutionWorker.execute(ActionExecutionWorker.java:56)
	at org.gradle.process.internal.worker.child.SystemApplicationClassLoaderWorker.call(SystemApplicationClassLoaderWorker.java:119)
	at org.gradle.process.internal.worker.child.SystemApplicationClassLoaderWorker.call(SystemApplicationClassLoaderWorker.java:66)
	at worker.org.gradle.process.internal.worker.GradleWorkerMain.run(GradleWorkerMain.java:69)
	at worker.org.gradle.process.internal.worker.GradleWorkerMain.main(GradleWorkerMain.java:74)
</failure>
  </testcase>
  <system-out><![CDATA[?[1;31m
Start test 1?[0m
What would you like to do (add, show, plan, save, exit)?
> save
Unable to save. Plan your meals first.
What would you like to do (add, show, plan, save, exit)?
> exit
Bye!
?[1;31m
Start test 2?[0m
What would you like to do (add, show, plan, save, exit)?
> exit
Bye!
?[1;31m
Start test 3?[0m
What would you like to do (add, show, plan, save, exit)?
> add
Which meal do you want to add (breakfast, lunch, dinner)?
> lunch
Input the meal's name:
> sushi
Input the ingredients:
> salmon, rice, avocado
The meal has been added!
What would you like to do (add, show, plan, save, exit)?
> add
Which meal do you want to add (breakfast, lunch, dinner)?
> lunch
Input the meal's name:
> omelette
Input the ingredients:
> eggs, milk, cheese
The meal has been added!
What would you like to do (add, show, plan, save, exit)?
> add
Which meal do you want to add (breakfast, lunch, dinner)?
> breakfast
Input the meal's name:
> oatmeal
Input the ingredients:
> oats, milk, banana, peanut butter
The meal has been added!
What would you like to do (add, show, plan, save, exit)?
> show
Which category do you want to print (breakfast, lunch, dinner)?
> lunch
Category: lunch
Name: sushi
Ingredients:
salmon
rice
avocado

Name: omelette
Ingredients:
eggs
milk
cheese

What would you like to do (add, show, plan, save, exit)?
> show
Which category do you want to print (breakfast, lunch, dinner)?
> breakfast
Category: breakfast
Name: oatmeal
Ingredients:
oats
milk
banana
peanut butter

What would you like to do (add, show, plan, save, exit)?
> exit
Bye!
?[1;31m
Start test 4?[0m
What would you like to do (add, show, plan, save, exit)?
> show
Which category do you want to print (breakfast, lunch, dinner)?
> lunch
Category: lunch
Name: sushi
Ingredients:
salmon
rice
avocado

Name: omelette
Ingredients:
eggs
milk
cheese

What would you like to do (add, show, plan, save, exit)?
> show
Which category do you want to print (breakfast, lunch, dinner)?
> breakfast
Category: breakfast
Name: oatmeal
Ingredients:
oats
milk
banana
peanut butter

What would you like to do (add, show, plan, save, exit)?
> show
Which category do you want to print (breakfast, lunch, dinner)?
> brunch
Wrong meal category! Choose from: breakfast, lunch, dinner.
Which category do you want to print (breakfast, lunch, dinner)?
> dinner
No meals found.
What would you like to do (add, show, plan, save, exit)?
> exit
Bye!
?[1;31m
Start test 5?[0m
What would you like to do (add, show, plan, save, exit)?
> add
Which meal do you want to add (breakfast, lunch, dinner)?
> breakfast
Input the meal's name:
> scrambled eggs
Input the ingredients:
> eggs,milk,cheese
The meal has been added!
What would you like to do (add, show, plan, save, exit)?
> add
Which meal do you want to add (breakfast, lunch, dinner)?
> breakfast
Input the meal's name:
> sandwich
Input the ingredients:
> bread,cheese,ham
The meal has been added!
What would you like to do (add, show, plan, save, exit)?
> add
Which meal do you want to add (breakfast, lunch, dinner)?
> breakfast
Input the meal's name:
> oatmeal
Input the ingredients:
> oats,milk,banana,peanut butter
The meal has been added!
What would you like to do (add, show, plan, save, exit)?
> add
Which meal do you want to add (breakfast, lunch, dinner)?
> breakfast
Input the meal's name:
> english breakfast
Input the ingredients:
> eggs,sausages,bacon,tomatoes,bread
The meal has been added!
What would you like to do (add, show, plan, save, exit)?
> add
Which meal do you want to add (breakfast, lunch, dinner)?
> lunch
Input the meal's name:
> sushi
Input the ingredients:
> salmon,rice,avocado
The meal has been added!
What would you like to do (add, show, plan, save, exit)?
> add
Which meal do you want to add (breakfast, lunch, dinner)?
> lunch
Input the meal's name:
> chicken salad
Input the ingredients:
> chicken,lettuce,tomato,olives
The meal has been added!
What would you like to do (add, show, plan, save, exit)?
> add
Which meal do you want to add (breakfast, lunch, dinner)?
> lunch
Input the meal's name:
> omelette
Input the ingredients:
> eggs,milk,cheese
The meal has been added!
What would you like to do (add, show, plan, save, exit)?
> add
Which meal do you want to add (breakfast, lunch, dinner)?
> lunch
Input the meal's name:
> salad
Input the ingredients:
> lettuce,tomato,onion,cheese,olives
The meal has been added!
What would you like to do (add, show, plan, save, exit)?
> add
Which meal do you want to add (breakfast, lunch, dinner)?
> dinner
Input the meal's name:
> pumpkin soup
Input the ingredients:
> pumpkin,coconut milk,curry,carrots
The meal has been added!
What would you like to do (add, show, plan, save, exit)?
> add
Which meal do you want to add (breakfast, lunch, dinner)?
> dinner
Input the meal's name:
> beef steak
Input the ingredients:
> beef steak
The meal has been added!
What would you like to do (add, show, plan, save, exit)?
> add
Which meal do you want to add (breakfast, lunch, dinner)?
> dinner
Input the meal's name:
> pizza
Input the ingredients:
> flour,tomato,cheese,salami
The meal has been added!
What would you like to do (add, show, plan, save, exit)?
> add
Which meal do you want to add (breakfast, lunch, dinner)?
> dinner
Input the meal's name:
> tomato soup
Input the ingredients:
> tomato,orzo
The meal has been added!
What would you like to do (add, show, plan, save, exit)?
> plan
Monday
scrambled eggs
sandwich
oatmeal
english breakfast
Choose the breakfast for Monday from the list above:
]]></system-out>
  <system-err><![CDATA[]]></system-err>
</testsuite>
